[debug] [2020-12-20T02:17:06.731Z] ----------------------------------------------------------------------
[debug] [2020-12-20T02:17:06.732Z] Command:       /usr/bin/node /usr/local/bin/firebase serve
[debug] [2020-12-20T02:17:06.732Z] CLI Version:   8.12.1
[debug] [2020-12-20T02:17:06.732Z] Platform:      linux
[debug] [2020-12-20T02:17:06.732Z] Node Version:  v10.19.0
[debug] [2020-12-20T02:17:06.733Z] Time:          Sat Dec 19 2020 21:17:06 GMT-0500 (Eastern Standard Time)
[debug] [2020-12-20T02:17:06.733Z] ----------------------------------------------------------------------
[debug] [2020-12-20T02:17:06.733Z] 
[debug] [2020-12-20T02:17:06.739Z] > command requires scopes: ["email","openid","https://www.googleapis.com/auth/cloudplatformprojects.readonly","https://www.googleapis.com/auth/firebase","https://www.googleapis.com/auth/cloud-platform"]
[debug] [2020-12-20T02:17:06.739Z] > authorizing via signed-in user
[debug] [2020-12-20T02:17:06.739Z] [iam] checking project cloudole-2f23d for permissions ["firebase.projects.get"]
[debug] [2020-12-20T02:17:06.741Z] >>> HTTP REQUEST POST https://cloudresourcemanager.googleapis.com/v1/projects/cloudole-2f23d:testIamPermissions  
 {"permissions":["firebase.projects.get"]}
[debug] [2020-12-20T02:17:07.001Z] <<< HTTP RESPONSE 200 {"content-type":"application/json; charset=UTF-8","vary":"X-Origin, Referer, Origin,Accept-Encoding","date":"Sun, 20 Dec 2020 02:17:09 GMT","server":"ESF","cache-control":"private","x-xss-protection":"0","x-frame-options":"SAMEORIGIN","x-content-type-options":"nosniff","server-timing":"gfet4t7; dur=162","alt-svc":"h3-29=\":443\"; ma=2592000,h3-T051=\":443\"; ma=2592000,h3-Q050=\":443\"; ma=2592000,h3-Q046=\":443\"; ma=2592000,h3-Q043=\":443\"; ma=2592000,quic=\":443\"; ma=2592000; v=\"46,43\"","accept-ranges":"none","transfer-encoding":"chunked"}
[debug] [2020-12-20T02:17:07.002Z] >>> HTTP REQUEST GET https://firebase.googleapis.com/v1beta1/projects/cloudole-2f23d  
 
[debug] [2020-12-20T02:17:07.130Z] <<< HTTP RESPONSE 200 {"content-type":"application/json; charset=UTF-8","vary":"X-Origin, Referer, Origin,Accept-Encoding","date":"Sun, 20 Dec 2020 02:17:09 GMT","server":"ESF","cache-control":"private","x-xss-protection":"0","x-frame-options":"SAMEORIGIN","x-content-type-options":"nosniff","alt-svc":"h3-29=\":443\"; ma=2592000,h3-T051=\":443\"; ma=2592000,h3-Q050=\":443\"; ma=2592000,h3-Q046=\":443\"; ma=2592000,h3-Q043=\":443\"; ma=2592000,quic=\":443\"; ma=2592000; v=\"46,43\"","accept-ranges":"none","transfer-encoding":"chunked"}
[info] 
[info] === Serving from '/home/eiston/git/cloudole_backend'...
[info] 
[info] ✔  functions: Using node@10 from host. {"metadata":{"emulator":{"name":"functions"},"message":"Using node@10 from host."}}
[debug] [2020-12-20T02:17:07.137Z] defaultcredentials: writing to file /home/eiston/.config/firebase/eiston_thecloudole_com_application_default_credentials.json
[debug] [2020-12-20T02:17:07.138Z] Setting GAC to /home/eiston/.config/firebase/eiston_thecloudole_com_application_default_credentials.json {"metadata":{"emulator":{"name":"functions"},"message":"Setting GAC to /home/eiston/.config/firebase/eiston_thecloudole_com_application_default_credentials.json"}}
[info] i  functions: Watching "/home/eiston/git/cloudole_backend/functions" for Cloud Functions... {"metadata":{"emulator":{"name":"functions"},"message":"Watching \"/home/eiston/git/cloudole_backend/functions\" for Cloud Functions..."}}
[debug] [2020-12-20T02:17:07.153Z] [worker-pool] addWorker(~diagnostic~) {"metadata":{"emulator":{"name":"functions"},"message":"[worker-pool] addWorker(~diagnostic~)"}}
[debug] [2020-12-20T02:17:07.153Z] [worker-pool] Adding worker with key ~diagnostic~, total=1 {"metadata":{"emulator":{"name":"functions"},"message":"[worker-pool] Adding worker with key ~diagnostic~, total=1"}}
[debug] [2020-12-20T02:17:07.153Z] [worker-pool] submitWork(triggerId=) {"metadata":{"emulator":{"name":"functions"},"message":"[worker-pool] submitWork(triggerId=)"}}
[debug] [2020-12-20T02:17:07.153Z] [worker-~diagnostic~-88a7f4f9-07d7-4fb7-8549-091854662963]: Assigning socketPath: /tmp/fire_emu_5098.sock {"metadata":{"emulator":{"name":"functions"},"message":"[worker-~diagnostic~-88a7f4f9-07d7-4fb7-8549-091854662963]: Assigning socketPath: /tmp/fire_emu_5098.sock"}}
[debug] [2020-12-20T02:17:07.154Z] [worker-~diagnostic~-88a7f4f9-07d7-4fb7-8549-091854662963]: BUSY {"metadata":{"emulator":{"name":"functions"},"message":"[worker-~diagnostic~-88a7f4f9-07d7-4fb7-8549-091854662963]: BUSY"}}
[debug] [2020-12-20T02:17:07.567Z] [runtime-status] [5098] Functions runtime initialized. {"cwd":"/home/eiston/git/cloudole_backend/functions","node_version":"10.19.0"} {"metadata":{"emulator":{"name":"functions"},"message":"[runtime-status] [5098] Functions runtime initialized. {\"cwd\":\"/home/eiston/git/cloudole_backend/functions\",\"node_version\":\"10.19.0\"}"}}
[debug] [2020-12-20T02:17:07.567Z] [runtime-status] [5098] Disabled runtime features: undefined {"metadata":{"emulator":{"name":"functions"},"message":"[runtime-status] [5098] Disabled runtime features: undefined"}}
[debug] [2020-12-20T02:17:07.569Z] [runtime-status] [5098] Resolved module firebase-admin {"declared":true,"installed":true,"version":"8.13.0","resolution":"/home/eiston/git/cloudole_backend/functions/node_modules/firebase-admin/lib/index.js"} {"metadata":{"emulator":{"name":"functions"},"message":"[runtime-status] [5098] Resolved module firebase-admin {\"declared\":true,\"installed\":true,\"version\":\"8.13.0\",\"resolution\":\"/home/eiston/git/cloudole_backend/functions/node_modules/firebase-admin/lib/index.js\"}"}}
[debug] [2020-12-20T02:17:07.571Z] [runtime-status] [5098] Resolved module firebase-functions {"declared":true,"installed":true,"version":"3.11.0","resolution":"/home/eiston/git/cloudole_backend/functions/node_modules/firebase-functions/lib/index.js"} {"metadata":{"emulator":{"name":"functions"},"message":"[runtime-status] [5098] Resolved module firebase-functions {\"declared\":true,\"installed\":true,\"version\":\"3.11.0\",\"resolution\":\"/home/eiston/git/cloudole_backend/functions/node_modules/firebase-functions/lib/index.js\"}"}}
[debug] [2020-12-20T02:17:07.571Z] [runtime-status] [5098] Resolved module firebase-functions {"declared":true,"installed":true,"version":"3.11.0","resolution":"/home/eiston/git/cloudole_backend/functions/node_modules/firebase-functions/lib/index.js"} {"metadata":{"emulator":{"name":"functions"},"message":"[runtime-status] [5098] Resolved module firebase-functions {\"declared\":true,\"installed\":true,\"version\":\"3.11.0\",\"resolution\":\"/home/eiston/git/cloudole_backend/functions/node_modules/firebase-functions/lib/index.js\"}"}}
[debug] [2020-12-20T02:17:07.574Z] [runtime-status] [5098] Outgoing network have been stubbed. [{"name":"http","status":"mocked"},{"name":"http","status":"mocked"},{"name":"https","status":"mocked"},{"name":"https","status":"mocked"},{"name":"net","status":"mocked"}] {"metadata":{"emulator":{"name":"functions"},"message":"[runtime-status] [5098] Outgoing network have been stubbed. [{\"name\":\"http\",\"status\":\"mocked\"},{\"name\":\"http\",\"status\":\"mocked\"},{\"name\":\"https\",\"status\":\"mocked\"},{\"name\":\"https\",\"status\":\"mocked\"},{\"name\":\"net\",\"status\":\"mocked\"}]"}}
[debug] [2020-12-20T02:17:07.574Z] [runtime-status] [5098] Resolved module firebase-functions {"declared":true,"installed":true,"version":"3.11.0","resolution":"/home/eiston/git/cloudole_backend/functions/node_modules/firebase-functions/lib/index.js"} {"metadata":{"emulator":{"name":"functions"},"message":"[runtime-status] [5098] Resolved module firebase-functions {\"declared\":true,\"installed\":true,\"version\":\"3.11.0\",\"resolution\":\"/home/eiston/git/cloudole_backend/functions/node_modules/firebase-functions/lib/index.js\"}"}}
[debug] [2020-12-20T02:17:07.617Z] [runtime-status] [5098] Checked functions.config() {"config":{}} {"metadata":{"emulator":{"name":"functions"},"message":"[runtime-status] [5098] Checked functions.config() {\"config\":{}}"}}
[debug] [2020-12-20T02:17:07.617Z] [runtime-status] [5098] firebase-functions has been stubbed. {"functionsResolution":{"declared":true,"installed":true,"version":"3.11.0","resolution":"/home/eiston/git/cloudole_backend/functions/node_modules/firebase-functions/lib/index.js"}} {"metadata":{"emulator":{"name":"functions"},"message":"[runtime-status] [5098] firebase-functions has been stubbed. {\"functionsResolution\":{\"declared\":true,\"installed\":true,\"version\":\"3.11.0\",\"resolution\":\"/home/eiston/git/cloudole_backend/functions/node_modules/firebase-functions/lib/index.js\"}}"}}
[debug] [2020-12-20T02:17:07.617Z] [runtime-status] [5098] Resolved module firebase-functions {"declared":true,"installed":true,"version":"3.11.0","resolution":"/home/eiston/git/cloudole_backend/functions/node_modules/firebase-functions/lib/index.js"} {"metadata":{"emulator":{"name":"functions"},"message":"[runtime-status] [5098] Resolved module firebase-functions {\"declared\":true,\"installed\":true,\"version\":\"3.11.0\",\"resolution\":\"/home/eiston/git/cloudole_backend/functions/node_modules/firebase-functions/lib/index.js\"}"}}
[debug] [2020-12-20T02:17:07.617Z] [runtime-status] [5098] Resolved module firebase-admin {"declared":true,"installed":true,"version":"8.13.0","resolution":"/home/eiston/git/cloudole_backend/functions/node_modules/firebase-admin/lib/index.js"} {"metadata":{"emulator":{"name":"functions"},"message":"[runtime-status] [5098] Resolved module firebase-admin {\"declared\":true,\"installed\":true,\"version\":\"8.13.0\",\"resolution\":\"/home/eiston/git/cloudole_backend/functions/node_modules/firebase-admin/lib/index.js\"}"}}
[debug] [2020-12-20T02:17:07.617Z] [runtime-status] [5098] Resolved module firebase-functions {"declared":true,"installed":true,"version":"3.11.0","resolution":"/home/eiston/git/cloudole_backend/functions/node_modules/firebase-functions/lib/index.js"} {"metadata":{"emulator":{"name":"functions"},"message":"[runtime-status] [5098] Resolved module firebase-functions {\"declared\":true,\"installed\":true,\"version\":\"3.11.0\",\"resolution\":\"/home/eiston/git/cloudole_backend/functions/node_modules/firebase-functions/lib/index.js\"}"}}
[debug] [2020-12-20T02:17:07.618Z] [runtime-status] [5098] firebase-admin has been stubbed. {"adminResolution":{"declared":true,"installed":true,"version":"8.13.0","resolution":"/home/eiston/git/cloudole_backend/functions/node_modules/firebase-admin/lib/index.js"}} {"metadata":{"emulator":{"name":"functions"},"message":"[runtime-status] [5098] firebase-admin has been stubbed. {\"adminResolution\":{\"declared\":true,\"installed\":true,\"version\":\"8.13.0\",\"resolution\":\"/home/eiston/git/cloudole_backend/functions/node_modules/firebase-admin/lib/index.js\"}}"}}
[debug] [2020-12-20T02:17:07.697Z] [runtime-status] [5098] initializeApp(DEFAULT) {"databaseURL":"https://cloudole-2f23d.firebaseio.com","storageBucket":"cloudole-2f23d.appspot.com","projectId":"cloudole-2f23d"} {"metadata":{"emulator":{"name":"functions"},"message":"[runtime-status] [5098] initializeApp(DEFAULT) {\"databaseURL\":\"https://cloudole-2f23d.firebaseio.com\",\"storageBucket\":\"cloudole-2f23d.appspot.com\",\"projectId\":\"cloudole-2f23d\"}"}}
[warn] ⚠  functions: The Cloud Firestore emulator is not running, so calls to Firestore will affect production. {"metadata":{"emulator":{"name":"functions"},"message":"The Cloud Firestore emulator is not running, so calls to Firestore will affect production."}}
[warn] ⚠  Error: Cannot find module 'geofirestore'
    at Function.Module._resolveFilename (internal/modules/cjs/loader.js:636:15)
    at Function.Module._load (internal/modules/cjs/loader.js:562:25)
    at Module.require (internal/modules/cjs/loader.js:692:17)
    at require (internal/modules/cjs/helpers.js:25:18)
    at Object.<anonymous> (/home/eiston/git/cloudole_backend/functions/handlers/user.js:7:22)
    at Module._compile (internal/modules/cjs/loader.js:778:30)
    at Object.Module._extensions..js (internal/modules/cjs/loader.js:789:10)
    at Module.load (internal/modules/cjs/loader.js:653:32)
    at tryModuleLoad (internal/modules/cjs/loader.js:593:12)
    at Function.Module._load (internal/modules/cjs/loader.js:585:3)
    at Module.require (internal/modules/cjs/loader.js:692:17)
    at require (internal/modules/cjs/helpers.js:25:18)
    at Object.<anonymous> (/home/eiston/git/cloudole_backend/functions/index.js:23:5)
    at Module._compile (internal/modules/cjs/loader.js:778:30)
    at Object.Module._extensions..js (internal/modules/cjs/loader.js:789:10)
    at Module.load (internal/modules/cjs/loader.js:653:32)
    at tryModuleLoad (internal/modules/cjs/loader.js:593:12)
    at Function.Module._load (internal/modules/cjs/loader.js:585:3)
    at Module.require (internal/modules/cjs/loader.js:692:17)
    at require (internal/modules/cjs/helpers.js:25:18)
    at /usr/local/lib/node_modules/firebase-tools/lib/emulator/functionsEmulatorRuntime.js:681:33
    at Generator.next (<anonymous>) {"metadata":{"emulator":{"name":"functions"},"message":"Error: Cannot find module 'geofirestore'\n    at Function.Module._resolveFilename (internal/modules/cjs/loader.js:636:15)\n    at Function.Module._load (internal/modules/cjs/loader.js:562:25)\n    at Module.require (internal/modules/cjs/loader.js:692:17)\n    at require (internal/modules/cjs/helpers.js:25:18)\n    at Object.<anonymous> (/home/eiston/git/cloudole_backend/functions/handlers/user.js:7:22)\n    at Module._compile (internal/modules/cjs/loader.js:778:30)\n    at Object.Module._extensions..js (internal/modules/cjs/loader.js:789:10)\n    at Module.load (internal/modules/cjs/loader.js:653:32)\n    at tryModuleLoad (internal/modules/cjs/loader.js:593:12)\n    at Function.Module._load (internal/modules/cjs/loader.js:585:3)\n    at Module.require (internal/modules/cjs/loader.js:692:17)\n    at require (internal/modules/cjs/helpers.js:25:18)\n    at Object.<anonymous> (/home/eiston/git/cloudole_backend/functions/index.js:23:5)\n    at Module._compile (internal/modules/cjs/loader.js:778:30)\n    at Object.Module._extensions..js (internal/modules/cjs/loader.js:789:10)\n    at Module.load (internal/modules/cjs/loader.js:653:32)\n    at tryModuleLoad (internal/modules/cjs/loader.js:593:12)\n    at Function.Module._load (internal/modules/cjs/loader.js:585:3)\n    at Module.require (internal/modules/cjs/loader.js:692:17)\n    at require (internal/modules/cjs/helpers.js:25:18)\n    at /usr/local/lib/node_modules/firebase-tools/lib/emulator/functionsEmulatorRuntime.js:681:33\n    at Generator.next (<anonymous>)"}}
[warn] ⚠  We were unable to load your functions code. (see above) {"metadata":{"emulator":{"name":"functions"}}}
[debug] [2020-12-20T02:17:08.243Z] [worker-~diagnostic~-88a7f4f9-07d7-4fb7-8549-091854662963]: exited {"metadata":{"emulator":{"name":"functions"},"message":"[worker-~diagnostic~-88a7f4f9-07d7-4fb7-8549-091854662963]: exited"}}
[debug] [2020-12-20T02:17:08.243Z] [worker-~diagnostic~-88a7f4f9-07d7-4fb7-8549-091854662963]: FINISHED {"metadata":{"emulator":{"name":"functions"},"message":"[worker-~diagnostic~-88a7f4f9-07d7-4fb7-8549-091854662963]: FINISHED"}}
[debug] [2020-12-20T02:17:25.199Z] ----------------------------------------------------------------------
[debug] [2020-12-20T02:17:25.201Z] Command:       /usr/bin/node /usr/local/bin/firebase serve
[debug] [2020-12-20T02:17:25.201Z] CLI Version:   8.12.1
[debug] [2020-12-20T02:17:25.201Z] Platform:      linux
[debug] [2020-12-20T02:17:25.201Z] Node Version:  v10.19.0
[debug] [2020-12-20T02:17:25.201Z] Time:          Sat Dec 19 2020 21:17:25 GMT-0500 (Eastern Standard Time)
[debug] [2020-12-20T02:17:25.201Z] ----------------------------------------------------------------------
[debug] [2020-12-20T02:17:25.201Z] 
[debug] [2020-12-20T02:17:25.206Z] > command requires scopes: ["email","openid","https://www.googleapis.com/auth/cloudplatformprojects.readonly","https://www.googleapis.com/auth/firebase","https://www.googleapis.com/auth/cloud-platform"]
[debug] [2020-12-20T02:17:25.207Z] > authorizing via signed-in user
[debug] [2020-12-20T02:17:25.207Z] [iam] checking project cloudole-2f23d for permissions ["firebase.projects.get"]
[debug] [2020-12-20T02:17:25.209Z] >>> HTTP REQUEST POST https://cloudresourcemanager.googleapis.com/v1/projects/cloudole-2f23d:testIamPermissions  
 {"permissions":["firebase.projects.get"]}
[debug] [2020-12-20T02:17:25.485Z] <<< HTTP RESPONSE 200 {"content-type":"application/json; charset=UTF-8","vary":"X-Origin, Referer, Origin,Accept-Encoding","date":"Sun, 20 Dec 2020 02:17:28 GMT","server":"ESF","cache-control":"private","x-xss-protection":"0","x-frame-options":"SAMEORIGIN","x-content-type-options":"nosniff","server-timing":"gfet4t7; dur=218","alt-svc":"h3-29=\":443\"; ma=2592000,h3-T051=\":443\"; ma=2592000,h3-Q050=\":443\"; ma=2592000,h3-Q046=\":443\"; ma=2592000,h3-Q043=\":443\"; ma=2592000,quic=\":443\"; ma=2592000; v=\"46,43\"","accept-ranges":"none","transfer-encoding":"chunked"}
[debug] [2020-12-20T02:17:25.486Z] >>> HTTP REQUEST GET https://firebase.googleapis.com/v1beta1/projects/cloudole-2f23d  
 
[debug] [2020-12-20T02:17:25.595Z] <<< HTTP RESPONSE 200 {"content-type":"application/json; charset=UTF-8","vary":"X-Origin, Referer, Origin,Accept-Encoding","date":"Sun, 20 Dec 2020 02:17:28 GMT","server":"ESF","cache-control":"private","x-xss-protection":"0","x-frame-options":"SAMEORIGIN","x-content-type-options":"nosniff","alt-svc":"h3-29=\":443\"; ma=2592000,h3-T051=\":443\"; ma=2592000,h3-Q050=\":443\"; ma=2592000,h3-Q046=\":443\"; ma=2592000,h3-Q043=\":443\"; ma=2592000,quic=\":443\"; ma=2592000; v=\"46,43\"","accept-ranges":"none","transfer-encoding":"chunked"}
[info] 
[info] === Serving from '/home/eiston/git/cloudole_backend'...
[info] 
[info] ✔  functions: Using node@10 from host. {"metadata":{"emulator":{"name":"functions"},"message":"Using node@10 from host."}}
[debug] [2020-12-20T02:17:25.603Z] defaultcredentials: writing to file /home/eiston/.config/firebase/eiston_thecloudole_com_application_default_credentials.json
[debug] [2020-12-20T02:17:25.605Z] Setting GAC to /home/eiston/.config/firebase/eiston_thecloudole_com_application_default_credentials.json {"metadata":{"emulator":{"name":"functions"},"message":"Setting GAC to /home/eiston/.config/firebase/eiston_thecloudole_com_application_default_credentials.json"}}
[info] i  functions: Watching "/home/eiston/git/cloudole_backend/functions" for Cloud Functions... {"metadata":{"emulator":{"name":"functions"},"message":"Watching \"/home/eiston/git/cloudole_backend/functions\" for Cloud Functions..."}}
[debug] [2020-12-20T02:17:25.619Z] [worker-pool] addWorker(~diagnostic~) {"metadata":{"emulator":{"name":"functions"},"message":"[worker-pool] addWorker(~diagnostic~)"}}
[debug] [2020-12-20T02:17:25.619Z] [worker-pool] Adding worker with key ~diagnostic~, total=1 {"metadata":{"emulator":{"name":"functions"},"message":"[worker-pool] Adding worker with key ~diagnostic~, total=1"}}
[debug] [2020-12-20T02:17:25.619Z] [worker-pool] submitWork(triggerId=) {"metadata":{"emulator":{"name":"functions"},"message":"[worker-pool] submitWork(triggerId=)"}}
[debug] [2020-12-20T02:17:25.619Z] [worker-~diagnostic~-4e173840-3a79-457e-84f6-2383c79150e0]: Assigning socketPath: /tmp/fire_emu_5218.sock {"metadata":{"emulator":{"name":"functions"},"message":"[worker-~diagnostic~-4e173840-3a79-457e-84f6-2383c79150e0]: Assigning socketPath: /tmp/fire_emu_5218.sock"}}
[debug] [2020-12-20T02:17:25.619Z] [worker-~diagnostic~-4e173840-3a79-457e-84f6-2383c79150e0]: BUSY {"metadata":{"emulator":{"name":"functions"},"message":"[worker-~diagnostic~-4e173840-3a79-457e-84f6-2383c79150e0]: BUSY"}}
[debug] [2020-12-20T02:17:26.033Z] [runtime-status] [5218] Functions runtime initialized. {"cwd":"/home/eiston/git/cloudole_backend/functions","node_version":"10.19.0"} {"metadata":{"emulator":{"name":"functions"},"message":"[runtime-status] [5218] Functions runtime initialized. {\"cwd\":\"/home/eiston/git/cloudole_backend/functions\",\"node_version\":\"10.19.0\"}"}}
[debug] [2020-12-20T02:17:26.034Z] [runtime-status] [5218] Disabled runtime features: undefined {"metadata":{"emulator":{"name":"functions"},"message":"[runtime-status] [5218] Disabled runtime features: undefined"}}
[debug] [2020-12-20T02:17:26.035Z] [runtime-status] [5218] Resolved module firebase-admin {"declared":true,"installed":true,"version":"8.13.0","resolution":"/home/eiston/git/cloudole_backend/functions/node_modules/firebase-admin/lib/index.js"} {"metadata":{"emulator":{"name":"functions"},"message":"[runtime-status] [5218] Resolved module firebase-admin {\"declared\":true,\"installed\":true,\"version\":\"8.13.0\",\"resolution\":\"/home/eiston/git/cloudole_backend/functions/node_modules/firebase-admin/lib/index.js\"}"}}
[debug] [2020-12-20T02:17:26.035Z] [runtime-status] [5218] Resolved module firebase-functions {"declared":true,"installed":true,"version":"3.11.0","resolution":"/home/eiston/git/cloudole_backend/functions/node_modules/firebase-functions/lib/index.js"} {"metadata":{"emulator":{"name":"functions"},"message":"[runtime-status] [5218] Resolved module firebase-functions {\"declared\":true,\"installed\":true,\"version\":\"3.11.0\",\"resolution\":\"/home/eiston/git/cloudole_backend/functions/node_modules/firebase-functions/lib/index.js\"}"}}
[debug] [2020-12-20T02:17:26.036Z] [runtime-status] [5218] Resolved module firebase-functions {"declared":true,"installed":true,"version":"3.11.0","resolution":"/home/eiston/git/cloudole_backend/functions/node_modules/firebase-functions/lib/index.js"} {"metadata":{"emulator":{"name":"functions"},"message":"[runtime-status] [5218] Resolved module firebase-functions {\"declared\":true,\"installed\":true,\"version\":\"3.11.0\",\"resolution\":\"/home/eiston/git/cloudole_backend/functions/node_modules/firebase-functions/lib/index.js\"}"}}
[debug] [2020-12-20T02:17:26.039Z] [runtime-status] [5218] Outgoing network have been stubbed. [{"name":"http","status":"mocked"},{"name":"http","status":"mocked"},{"name":"https","status":"mocked"},{"name":"https","status":"mocked"},{"name":"net","status":"mocked"}] {"metadata":{"emulator":{"name":"functions"},"message":"[runtime-status] [5218] Outgoing network have been stubbed. [{\"name\":\"http\",\"status\":\"mocked\"},{\"name\":\"http\",\"status\":\"mocked\"},{\"name\":\"https\",\"status\":\"mocked\"},{\"name\":\"https\",\"status\":\"mocked\"},{\"name\":\"net\",\"status\":\"mocked\"}]"}}
[debug] [2020-12-20T02:17:26.039Z] [runtime-status] [5218] Resolved module firebase-functions {"declared":true,"installed":true,"version":"3.11.0","resolution":"/home/eiston/git/cloudole_backend/functions/node_modules/firebase-functions/lib/index.js"} {"metadata":{"emulator":{"name":"functions"},"message":"[runtime-status] [5218] Resolved module firebase-functions {\"declared\":true,\"installed\":true,\"version\":\"3.11.0\",\"resolution\":\"/home/eiston/git/cloudole_backend/functions/node_modules/firebase-functions/lib/index.js\"}"}}
[debug] [2020-12-20T02:17:26.064Z] [runtime-status] [5218] Checked functions.config() {"config":{}} {"metadata":{"emulator":{"name":"functions"},"message":"[runtime-status] [5218] Checked functions.config() {\"config\":{}}"}}
[debug] [2020-12-20T02:17:26.064Z] [runtime-status] [5218] firebase-functions has been stubbed. {"functionsResolution":{"declared":true,"installed":true,"version":"3.11.0","resolution":"/home/eiston/git/cloudole_backend/functions/node_modules/firebase-functions/lib/index.js"}} {"metadata":{"emulator":{"name":"functions"},"message":"[runtime-status] [5218] firebase-functions has been stubbed. {\"functionsResolution\":{\"declared\":true,\"installed\":true,\"version\":\"3.11.0\",\"resolution\":\"/home/eiston/git/cloudole_backend/functions/node_modules/firebase-functions/lib/index.js\"}}"}}
[debug] [2020-12-20T02:17:26.065Z] [runtime-status] [5218] Resolved module firebase-functions {"declared":true,"installed":true,"version":"3.11.0","resolution":"/home/eiston/git/cloudole_backend/functions/node_modules/firebase-functions/lib/index.js"} {"metadata":{"emulator":{"name":"functions"},"message":"[runtime-status] [5218] Resolved module firebase-functions {\"declared\":true,\"installed\":true,\"version\":\"3.11.0\",\"resolution\":\"/home/eiston/git/cloudole_backend/functions/node_modules/firebase-functions/lib/index.js\"}"}}
[debug] [2020-12-20T02:17:26.065Z] [runtime-status] [5218] Resolved module firebase-admin {"declared":true,"installed":true,"version":"8.13.0","resolution":"/home/eiston/git/cloudole_backend/functions/node_modules/firebase-admin/lib/index.js"} {"metadata":{"emulator":{"name":"functions"},"message":"[runtime-status] [5218] Resolved module firebase-admin {\"declared\":true,\"installed\":true,\"version\":\"8.13.0\",\"resolution\":\"/home/eiston/git/cloudole_backend/functions/node_modules/firebase-admin/lib/index.js\"}"}}
[debug] [2020-12-20T02:17:26.065Z] [runtime-status] [5218] Resolved module firebase-functions {"declared":true,"installed":true,"version":"3.11.0","resolution":"/home/eiston/git/cloudole_backend/functions/node_modules/firebase-functions/lib/index.js"} {"metadata":{"emulator":{"name":"functions"},"message":"[runtime-status] [5218] Resolved module firebase-functions {\"declared\":true,\"installed\":true,\"version\":\"3.11.0\",\"resolution\":\"/home/eiston/git/cloudole_backend/functions/node_modules/firebase-functions/lib/index.js\"}"}}
[debug] [2020-12-20T02:17:26.065Z] [runtime-status] [5218] firebase-admin has been stubbed. {"adminResolution":{"declared":true,"installed":true,"version":"8.13.0","resolution":"/home/eiston/git/cloudole_backend/functions/node_modules/firebase-admin/lib/index.js"}} {"metadata":{"emulator":{"name":"functions"},"message":"[runtime-status] [5218] firebase-admin has been stubbed. {\"adminResolution\":{\"declared\":true,\"installed\":true,\"version\":\"8.13.0\",\"resolution\":\"/home/eiston/git/cloudole_backend/functions/node_modules/firebase-admin/lib/index.js\"}}"}}
[debug] [2020-12-20T02:17:26.099Z] [runtime-status] [5218] initializeApp(DEFAULT) {"databaseURL":"https://cloudole-2f23d.firebaseio.com","storageBucket":"cloudole-2f23d.appspot.com","projectId":"cloudole-2f23d"} {"metadata":{"emulator":{"name":"functions"},"message":"[runtime-status] [5218] initializeApp(DEFAULT) {\"databaseURL\":\"https://cloudole-2f23d.firebaseio.com\",\"storageBucket\":\"cloudole-2f23d.appspot.com\",\"projectId\":\"cloudole-2f23d\"}"}}
[warn] ⚠  functions: The Cloud Firestore emulator is not running, so calls to Firestore will affect production. {"metadata":{"emulator":{"name":"functions"},"message":"The Cloud Firestore emulator is not running, so calls to Firestore will affect production."}}
[warn] ⚠  Error: Cannot find module 'geofirestore'
    at Function.Module._resolveFilename (internal/modules/cjs/loader.js:636:15)
    at Function.Module._load (internal/modules/cjs/loader.js:562:25)
    at Module.require (internal/modules/cjs/loader.js:692:17)
    at require (internal/modules/cjs/helpers.js:25:18)
    at Object.<anonymous> (/home/eiston/git/cloudole_backend/functions/handlers/user.js:7:22)
    at Module._compile (internal/modules/cjs/loader.js:778:30)
    at Object.Module._extensions..js (internal/modules/cjs/loader.js:789:10)
    at Module.load (internal/modules/cjs/loader.js:653:32)
    at tryModuleLoad (internal/modules/cjs/loader.js:593:12)
    at Function.Module._load (internal/modules/cjs/loader.js:585:3)
    at Module.require (internal/modules/cjs/loader.js:692:17)
    at require (internal/modules/cjs/helpers.js:25:18)
    at Object.<anonymous> (/home/eiston/git/cloudole_backend/functions/index.js:23:5)
    at Module._compile (internal/modules/cjs/loader.js:778:30)
    at Object.Module._extensions..js (internal/modules/cjs/loader.js:789:10)
    at Module.load (internal/modules/cjs/loader.js:653:32)
    at tryModuleLoad (internal/modules/cjs/loader.js:593:12)
    at Function.Module._load (internal/modules/cjs/loader.js:585:3)
    at Module.require (internal/modules/cjs/loader.js:692:17)
    at require (internal/modules/cjs/helpers.js:25:18)
    at /usr/local/lib/node_modules/firebase-tools/lib/emulator/functionsEmulatorRuntime.js:681:33
    at Generator.next (<anonymous>) {"metadata":{"emulator":{"name":"functions"},"message":"Error: Cannot find module 'geofirestore'\n    at Function.Module._resolveFilename (internal/modules/cjs/loader.js:636:15)\n    at Function.Module._load (internal/modules/cjs/loader.js:562:25)\n    at Module.require (internal/modules/cjs/loader.js:692:17)\n    at require (internal/modules/cjs/helpers.js:25:18)\n    at Object.<anonymous> (/home/eiston/git/cloudole_backend/functions/handlers/user.js:7:22)\n    at Module._compile (internal/modules/cjs/loader.js:778:30)\n    at Object.Module._extensions..js (internal/modules/cjs/loader.js:789:10)\n    at Module.load (internal/modules/cjs/loader.js:653:32)\n    at tryModuleLoad (internal/modules/cjs/loader.js:593:12)\n    at Function.Module._load (internal/modules/cjs/loader.js:585:3)\n    at Module.require (internal/modules/cjs/loader.js:692:17)\n    at require (internal/modules/cjs/helpers.js:25:18)\n    at Object.<anonymous> (/home/eiston/git/cloudole_backend/functions/index.js:23:5)\n    at Module._compile (internal/modules/cjs/loader.js:778:30)\n    at Object.Module._extensions..js (internal/modules/cjs/loader.js:789:10)\n    at Module.load (internal/modules/cjs/loader.js:653:32)\n    at tryModuleLoad (internal/modules/cjs/loader.js:593:12)\n    at Function.Module._load (internal/modules/cjs/loader.js:585:3)\n    at Module.require (internal/modules/cjs/loader.js:692:17)\n    at require (internal/modules/cjs/helpers.js:25:18)\n    at /usr/local/lib/node_modules/firebase-tools/lib/emulator/functionsEmulatorRuntime.js:681:33\n    at Generator.next (<anonymous>)"}}
[warn] ⚠  We were unable to load your functions code. (see above) {"metadata":{"emulator":{"name":"functions"}}}
[debug] [2020-12-20T02:17:26.408Z] [worker-~diagnostic~-4e173840-3a79-457e-84f6-2383c79150e0]: exited {"metadata":{"emulator":{"name":"functions"},"message":"[worker-~diagnostic~-4e173840-3a79-457e-84f6-2383c79150e0]: exited"}}
[debug] [2020-12-20T02:17:26.408Z] [worker-~diagnostic~-4e173840-3a79-457e-84f6-2383c79150e0]: FINISHED {"metadata":{"emulator":{"name":"functions"},"message":"[worker-~diagnostic~-4e173840-3a79-457e-84f6-2383c79150e0]: FINISHED"}}
